Estableciendo contraseña para usuario: lagruesa@gmail.com
Contraseña hasheada correctamente
Contraseña establecida correctamente
Estableciendo contraseña para usuario: usuario_prueba@example.com
Contraseña hasheada correctamente
Contraseña establecida correctamente
Estableciendo contraseña para usuario: analopez@gmail.com
Contraseña hasheada correctamente
Contraseña establecida correctamente
Estableciendo contraseña para usuario: sorayagutierrez@gmail.com
Contraseña hasheada correctamente
Contraseña establecida correctamente
Estableciendo contraseña para usuario: mariagarcia@gmail.com
Contraseña hasheada correctamente
Contraseña establecida correctamente
Estableciendo contraseña para usuario: claudiaorlando@gmail.com
Contraseña hasheada correctamente
Contraseña establecida correctamente
Estableciendo contraseña para usuario: cristinaperez@gmail.com
Contraseña hasheada correctamente
Contraseña establecida correctamente
Estableciendo contraseña para usuario: mariamolinera@gmail.com
Contraseña hasheada correctamente
Contraseña establecida correctamente
Estableciendo contraseña para usuario: inessoto@gmail.com
Contraseña hasheada correctamente
Contraseña establecida correctamente
