Recibida solicitud de registro
Datos recibidos: {'full_name': 'manoli la gruesa', 'postal_code': '68154', 'email': 'lagruesa@gmail.com', 'password': '00001111Mg'}
Verificando si el email ya está registrado: lagruesa@gmail.com
Creando nuevo usuario: manoli la gruesa, lagruesa@gmail.com
Creando usuario directamente en la ruta
Usuario instanciado correctamente
Contraseña establecida correctamente
Usuario añadido a la sesión
Usuario creado con ID: 9
Recibida solicitud de registro
Datos recibidos: {'full_name': 'Usuario Prueba', 'email': 'usuario_prueba@example.com', 'password': 'password123', 'postal_code': '12345'}
Verificando si el email ya está registrado: usuario_prueba@example.com
Creando nuevo usuario: Usuario Prueba, usuario_prueba@example.com
Creando usuario directamente en la ruta
Usuario instanciado correctamente
Contraseña establecida correctamente
Usuario añadido a la sesión
Usuario creado con ID: 10
Recibida solicitud de registro
Datos recibidos: {'full_name': 'ana lopez cuevas', 'email': 'analopez@gmail.com', 'password': '12345678910', 'postal_code': '68154', 'phone': '', 'address': '', 'city': '', 'dni': '', 'created_at': '2025-05-18T10:37:22.198Z', 'is_admin': False, 'is_active': True}
Verificando si el email ya está registrado: analopez@gmail.com
Creando nuevo usuario: ana lopez cuevas, analopez@gmail.com
Creando usuario directamente en la ruta
Usuario instanciado correctamente
Contraseña establecida correctamente
Usuario añadido a la sesión
Usuario creado con ID: 11
Recibida solicitud de registro
Datos recibidos: {'full_name': 'soraya gutierrez', 'email': 'sorayagutierrez@gmail.com', 'password': '0987654321', 'postal_code': '48001', 'phone': '', 'address': '', 'city': '', 'dni': '', 'created_at': '2025-05-18T11:24:39.951Z', 'is_admin': False, 'is_active': True}
Verificando si el email ya está registrado: sorayagutierrez@gmail.com
Creando nuevo usuario: soraya gutierrez, sorayagutierrez@gmail.com
Creando usuario directamente en la ruta
Usuario instanciado correctamente
Contraseña establecida correctamente
Usuario añadido a la sesión
Usuario creado con ID: 12
Recibida solicitud de registro
Datos recibidos: {'full_name': 'maria garcia', 'email': 'mariagarcia@gmail.com', 'password': '1234567890', 'postal_code': '48004', 'phone': '', 'address': '', 'city': '', 'dni': '', 'created_at': '2025-05-18T11:37:55.293Z', 'is_admin': False, 'is_active': True}
Verificando si el email ya está registrado: mariagarcia@gmail.com
Creando nuevo usuario: maria garcia, mariagarcia@gmail.com
Creando usuario directamente en la ruta
Usuario instanciado correctamente
Contraseña establecida correctamente
Usuario añadido a la sesión
Usuario creado con ID: 13
Recibida solicitud de registro
Datos recibidos: {'full_name': 'claudia orlando', 'email': 'claudiaorlando@gmail.com', 'password': '0987654321', 'postal_code': '48012', 'phone': '', 'address': '', 'city': '', 'dni': '', 'created_at': '2025-05-18T11:40:25.592Z', 'is_admin': False, 'is_active': True}
Verificando si el email ya está registrado: claudiaorlando@gmail.com
Creando nuevo usuario: claudia orlando, claudiaorlando@gmail.com
Creando usuario directamente en la ruta
Usuario instanciado correctamente
Contraseña establecida correctamente
Usuario añadido a la sesión
Usuario creado con ID: 14
Recibida solicitud de registro
Datos recibidos: {'full_name': 'cristina perez ', 'email': 'cristinaperez@gmail.com', 'password': '1122334455', 'postal_code': '48009', 'phone': '', 'address': '', 'city': '', 'dni': '', 'created_at': '2025-05-18T12:09:11.390Z', 'is_admin': False, 'is_active': True}
Verificando si el email ya está registrado: cristinaperez@gmail.com
Creando nuevo usuario: cristina perez , cristinaperez@gmail.com
Creando usuario directamente en la ruta
Usuario instanciado correctamente
Contraseña establecida correctamente
Usuario añadido a la sesión
Usuario creado con ID: 15
Recibida solicitud de registro
Datos recibidos: {'full_name': 'maria la molinera', 'email': 'mariamolinera@gmail.com', 'password': '0192837465', 'postal_code': '48004', 'phone': '', 'address': '', 'city': '', 'dni': '', 'created_at': '2025-05-18T12:31:34.337Z', 'is_admin': False, 'is_active': True}
Verificando si el email ya está registrado: mariamolinera@gmail.com
Creando nuevo usuario: maria la molinera, mariamolinera@gmail.com
Creando usuario directamente en la ruta
Usuario instanciado correctamente
Contraseña establecida correctamente
Usuario añadido a la sesión
Usuario creado con ID: 16
Recibida solicitud de registro
Datos recibidos: {'full_name': 'ines soto', 'email': 'inessoto@gmail.com', 'password': '1234567890', 'postal_code': '47900', 'phone': '', 'address': '', 'city': '', 'dni': '', 'created_at': '2025-05-18T17:00:55.376Z', 'is_admin': False, 'is_active': True}
Verificando si el email ya está registrado: inessoto@gmail.com
Creando nuevo usuario: ines soto, inessoto@gmail.com
Creando usuario directamente en la ruta
Usuario instanciado correctamente
Contraseña establecida correctamente
Usuario añadido a la sesión
Usuario creado con ID: 17
