2025-05-13 20:56:57,841 - __main__ - INFO - Iniciando actualización de la tabla cursos
2025-05-13 20:56:57,848 - __main__ - INFO - Conexión a la base de datos establecida
2025-05-13 20:56:57,853 - __main__ - INFO - Columnas existentes: ['id', 'titulo', 'descripcion', 'duracion', 'precio']
2025-05-13 20:56:57,854 - __main__ - INFO - Añadiendo columna: imagen_url
2025-05-13 20:56:57,893 - __main__ - INFO - Columna imagen_url añadida correctamente
2025-05-13 20:56:57,896 - __main__ - INFO - Añadiendo columna: nivel
2025-05-13 20:56:57,903 - __main__ - INFO - Columna nivel añadida correctamente
2025-05-13 20:56:57,904 - __main__ - INFO - Añadiendo columna: instructor
2025-05-13 20:56:57,958 - __main__ - INFO - Columna instructor añadida correctamente
2025-05-13 20:56:57,959 - __main__ - INFO - Añadiendo columna: destacado
2025-05-13 20:56:58,005 - __main__ - INFO - Columna destacado añadida correctamente
2025-05-13 20:56:58,005 - __main__ - INFO - Añadiendo columna: activo
2025-05-13 20:56:58,016 - __main__ - INFO - Columna activo añadida correctamente
2025-05-13 20:56:58,018 - __main__ - INFO - Añadiendo columna: created_at
2025-05-13 20:56:58,025 - __main__ - INFO - Columna created_at añadida correctamente
2025-05-13 20:56:58,026 - __main__ - INFO - Añadiendo columna: updated_at
2025-05-13 20:56:58,040 - __main__ - INFO - Columna updated_at añadida correctamente
2025-05-13 20:56:58,042 - __main__ - INFO - Cambios guardados correctamente
2025-05-13 20:56:58,042 - __main__ - INFO - Columnas actualizadas: ['id', 'titulo', 'descripcion', 'duracion', 'precio', 'imagen_url', 'nivel', 'instructor', 'destacado', 'activo', 'created_at', 'updated_at']
2025-05-13 20:56:58,046 - __main__ - INFO - Actualización de la tabla cursos completada
2025-05-13 20:56:58,050 - __main__ - INFO - Probando la aplicación con la base de datos actualizada
2025-05-13 20:57:06,215 - app - INFO - Creating Flask application
2025-05-13 20:57:06,256 - app - INFO - Loading application configuration
2025-05-13 20:57:06,322 - app - INFO - Environment: None
2025-05-13 20:57:06,325 - app - INFO - Debug mode: False
2025-05-13 20:57:06,340 - app - INFO - Database URI: sqlite:///app.db
2025-05-13 20:57:06,388 - app - INFO - Configuring CORS
2025-05-13 20:57:06,391 - app - INFO - Initializing extensions
2025-05-13 20:57:06,498 - app - INFO - SQLAlchemy initialized
2025-05-13 20:57:06,501 - app - INFO - Bcrypt initialized
2025-05-13 20:57:06,504 - app - INFO - JWT initialized
2025-05-13 20:57:06,554 - app - INFO - Migrate initialized
2025-05-13 20:57:06,557 - app - INFO - Mail initialized
2025-05-13 20:57:06,563 - app - INFO - Compress initialized
2025-05-13 20:57:06,635 - app - INFO - Cache initialized
2025-05-13 20:57:07,067 - app - INFO - Rate limiter initialized
2025-05-13 20:57:07,068 - app - INFO - Creating database tables if they don't exist
2025-05-13 20:57:07,072 - app - INFO - Database tables created successfully
2025-05-13 20:57:07,073 - app - INFO - Registering models
2025-05-13 20:57:07,221 - app - INFO - Registering blueprints
2025-05-13 20:57:07,316 - __main__ - ERROR - Error durante la actualización: No module named 'slugify'
Traceback (most recent call last):
  File "C:\Users\betty\Flask-akademiaKupula\update_cursos_table.py", line 86, in main
    app = create_app()
  File "C:\Users\betty\Flask-akademiaKupula\app\__init__.py", line 147, in create_app
    from app.routes.content_routes import content_bp
  File "C:\Users\betty\Flask-akademiaKupula\app\routes\content_routes.py", line 8, in <module>
    from slugify import slugify
ModuleNotFoundError: No module named 'slugify'
2025-05-13 20:59:10,832 - __main__ - INFO - Iniciando actualización de la tabla cursos
2025-05-13 20:59:10,837 - __main__ - INFO - Conexión a la base de datos establecida
2025-05-13 20:59:10,868 - __main__ - INFO - Columnas existentes: ['id', 'titulo', 'descripcion', 'duracion', 'precio', 'imagen_url', 'nivel', 'instructor', 'destacado', 'activo', 'created_at', 'updated_at']
2025-05-13 20:59:11,041 - __main__ - INFO - Cambios guardados correctamente
2025-05-13 20:59:11,136 - __main__ - INFO - Columnas actualizadas: ['id', 'titulo', 'descripcion', 'duracion', 'precio', 'imagen_url', 'nivel', 'instructor', 'destacado', 'activo', 'created_at', 'updated_at']
2025-05-13 20:59:11,170 - __main__ - INFO - Actualización de la tabla cursos completada
2025-05-13 20:59:11,274 - __main__ - INFO - Probando la aplicación con la base de datos actualizada
2025-05-13 20:59:39,454 - app - INFO - Creating Flask application
2025-05-13 20:59:39,699 - app - INFO - Loading application configuration
2025-05-13 20:59:39,749 - app - INFO - Environment: None
2025-05-13 20:59:39,820 - app - INFO - Debug mode: False
2025-05-13 20:59:39,881 - app - INFO - Database URI: sqlite:///app.db
2025-05-13 20:59:39,923 - app - INFO - Configuring CORS
2025-05-13 20:59:39,965 - app - INFO - Initializing extensions
2025-05-13 20:59:40,773 - app - INFO - SQLAlchemy initialized
2025-05-13 20:59:41,228 - app - INFO - Bcrypt initialized
2025-05-13 20:59:41,630 - app - INFO - JWT initialized
2025-05-13 20:59:41,774 - app - INFO - Migrate initialized
2025-05-13 20:59:41,852 - app - INFO - Mail initialized
2025-05-13 20:59:41,955 - app - INFO - Compress initialized
2025-05-13 20:59:42,148 - app - INFO - Cache initialized
2025-05-13 20:59:42,752 - app - INFO - Rate limiter initialized
2025-05-13 20:59:42,753 - app - INFO - Creating database tables if they don't exist
2025-05-13 20:59:42,756 - app - INFO - Database tables created successfully
2025-05-13 20:59:42,762 - app - INFO - Registering models
2025-05-13 20:59:43,270 - app - INFO - Registering blueprints
2025-05-13 20:59:43,902 - app - WARNING - No se pudieron importar las rutas de pago
2025-05-13 20:59:44,140 - app - INFO - Setting up error handlers
2025-05-13 20:59:44,152 - app - INFO - Flask application created successfully
2025-05-13 20:59:44,554 - __main__ - ERROR - Error durante la actualización: (sqlite3.OperationalError) no such table: cursos
[SQL: SELECT cursos.id AS cursos_id, cursos.titulo AS cursos_titulo, cursos.descripcion AS cursos_descripcion, cursos.duracion AS cursos_duracion, cursos.precio AS cursos_precio, cursos.imagen_url AS cursos_imagen_url, cursos.nivel AS cursos_nivel, cursos.instructor AS cursos_instructor, cursos.destacado AS cursos_destacado, cursos.activo AS cursos_activo, cursos.created_at AS cursos_created_at, cursos.updated_at AS cursos_updated_at 
FROM cursos]
(Background on this error at: https://sqlalche.me/e/20/e3q8)
Traceback (most recent call last):
  File "C:\Users\betty\Flask-akademiaKupula\venv\Lib\site-packages\sqlalchemy\engine\base.py", line 1964, in _exec_single_context
    self.dialect.do_execute(
    ~~~~~~~~~~~~~~~~~~~~~~~^
        cursor, str_statement, effective_parameters, context
        ^^^^^^^^^^^^^^^^^^^^^^^^^^^^^^^^^^^^^^^^^^^^^^^^^^^^
    )
    ^
  File "C:\Users\betty\Flask-akademiaKupula\venv\Lib\site-packages\sqlalchemy\engine\default.py", line 945, in do_execute
    cursor.execute(statement, parameters)
    ~~~~~~~~~~~~~~^^^^^^^^^^^^^^^^^^^^^^^
sqlite3.OperationalError: no such table: cursos

The above exception was the direct cause of the following exception:

Traceback (most recent call last):
  File "C:\Users\betty\Flask-akademiaKupula\update_cursos_table.py", line 92, in main
    cursos = Curso.query.all()
  File "C:\Users\betty\Flask-akademiaKupula\venv\Lib\site-packages\sqlalchemy\orm\query.py", line 2704, in all
    return self._iter().all()  # type: ignore
           ~~~~~~~~~~^^
  File "C:\Users\betty\Flask-akademiaKupula\venv\Lib\site-packages\sqlalchemy\orm\query.py", line 2858, in _iter
    result: Union[ScalarResult[_T], Result[_T]] = self.session.execute(
                                                  ~~~~~~~~~~~~~~~~~~~~^
        statement,
        ^^^^^^^^^^
        params,
        ^^^^^^^
        execution_options={"_sa_orm_load_options": self.load_options},
        ^^^^^^^^^^^^^^^^^^^^^^^^^^^^^^^^^^^^^^^^^^^^^^^^^^^^^^^^^^^^^^
    )
    ^
  File "C:\Users\betty\Flask-akademiaKupula\venv\Lib\site-packages\sqlalchemy\orm\session.py", line 2365, in execute
    return self._execute_internal(
           ~~~~~~~~~~~~~~~~~~~~~~^
        statement,
        ^^^^^^^^^^
    ...<4 lines>...
        _add_event=_add_event,
        ^^^^^^^^^^^^^^^^^^^^^^
    )
    ^
  File "C:\Users\betty\Flask-akademiaKupula\venv\Lib\site-packages\sqlalchemy\orm\session.py", line 2251, in _execute_internal
    result: Result[Any] = compile_state_cls.orm_execute_statement(
                          ~~~~~~~~~~~~~~~~~~~~~~~~~~~~~~~~~~~~~~~^
        self,
        ^^^^^
    ...<4 lines>...
        conn,
        ^^^^^
    )
    ^
  File "C:\Users\betty\Flask-akademiaKupula\venv\Lib\site-packages\sqlalchemy\orm\context.py", line 306, in orm_execute_statement
    result = conn.execute(
        statement, params or {}, execution_options=execution_options
    )
  File "C:\Users\betty\Flask-akademiaKupula\venv\Lib\site-packages\sqlalchemy\engine\base.py", line 1416, in execute
    return meth(
        self,
        distilled_parameters,
        execution_options or NO_OPTIONS,
    )
  File "C:\Users\betty\Flask-akademiaKupula\venv\Lib\site-packages\sqlalchemy\sql\elements.py", line 523, in _execute_on_connection
    return connection._execute_clauseelement(
           ~~~~~~~~~~~~~~~~~~~~~~~~~~~~~~~~~^
        self, distilled_params, execution_options
        ^^^^^^^^^^^^^^^^^^^^^^^^^^^^^^^^^^^^^^^^^
    )
    ^
  File "C:\Users\betty\Flask-akademiaKupula\venv\Lib\site-packages\sqlalchemy\engine\base.py", line 1638, in _execute_clauseelement
    ret = self._execute_context(
        dialect,
    ...<8 lines>...
        cache_hit=cache_hit,
    )
  File "C:\Users\betty\Flask-akademiaKupula\venv\Lib\site-packages\sqlalchemy\engine\base.py", line 1843, in _execute_context
    return self._exec_single_context(
           ~~~~~~~~~~~~~~~~~~~~~~~~~^
        dialect, context, statement, parameters
        ^^^^^^^^^^^^^^^^^^^^^^^^^^^^^^^^^^^^^^^
    )
    ^
  File "C:\Users\betty\Flask-akademiaKupula\venv\Lib\site-packages\sqlalchemy\engine\base.py", line 1983, in _exec_single_context
    self._handle_dbapi_exception(
    ~~~~~~~~~~~~~~~~~~~~~~~~~~~~^
        e, str_statement, effective_parameters, cursor, context
        ^^^^^^^^^^^^^^^^^^^^^^^^^^^^^^^^^^^^^^^^^^^^^^^^^^^^^^^
    )
    ^
  File "C:\Users\betty\Flask-akademiaKupula\venv\Lib\site-packages\sqlalchemy\engine\base.py", line 2352, in _handle_dbapi_exception
    raise sqlalchemy_exception.with_traceback(exc_info[2]) from e
  File "C:\Users\betty\Flask-akademiaKupula\venv\Lib\site-packages\sqlalchemy\engine\base.py", line 1964, in _exec_single_context
    self.dialect.do_execute(
    ~~~~~~~~~~~~~~~~~~~~~~~^
        cursor, str_statement, effective_parameters, context
        ^^^^^^^^^^^^^^^^^^^^^^^^^^^^^^^^^^^^^^^^^^^^^^^^^^^^
    )
    ^
  File "C:\Users\betty\Flask-akademiaKupula\venv\Lib\site-packages\sqlalchemy\engine\default.py", line 945, in do_execute
    cursor.execute(statement, parameters)
    ~~~~~~~~~~~~~~^^^^^^^^^^^^^^^^^^^^^^^
sqlalchemy.exc.OperationalError: (sqlite3.OperationalError) no such table: cursos
[SQL: SELECT cursos.id AS cursos_id, cursos.titulo AS cursos_titulo, cursos.descripcion AS cursos_descripcion, cursos.duracion AS cursos_duracion, cursos.precio AS cursos_precio, cursos.imagen_url AS cursos_imagen_url, cursos.nivel AS cursos_nivel, cursos.instructor AS cursos_instructor, cursos.destacado AS cursos_destacado, cursos.activo AS cursos_activo, cursos.created_at AS cursos_created_at, cursos.updated_at AS cursos_updated_at 
FROM cursos]
(Background on this error at: https://sqlalche.me/e/20/e3q8)
2025-05-13 21:05:22,465 - __main__ - INFO - Iniciando actualización de la tabla cursos
2025-05-13 21:05:22,510 - __main__ - INFO - Conexión a la base de datos establecida
2025-05-13 21:05:22,579 - __main__ - ERROR - La tabla 'cursos' no existe
